<?xml version="1.0" encoding="UTF-8"?>
<!-- Generated by org.testng.reporters.JUnitXMLReporter -->
<testsuite ignored="0" hostname="LIN24009616" failures="2" tests="4" name="Test1" time="0.115" errors="0" timestamp="2023-08-25T16:56:53 IST">
  <testcase classname="com.testNG.PriorityDemo" name="log" time="0.032">
    <failure type="java.lang.AssertionError" message="expected [true] but found [false]">
      <![CDATA[java.lang.AssertionError: expected [true] but found [false]
at com.testNG.PriorityDemo.log(PriorityDemo.java:15)
at java.base/java.util.ArrayList.forEach(ArrayList.java:1511)
... Removed 34 stack frames]]>
    </failure>
  </testcase> <!-- log -->
  <testcase classname="com.testNG.PriorityDemo" name="search" time="0.002">
    <failure type="java.lang.AssertionError" message="expected [true] but found [false]">
      <![CDATA[java.lang.AssertionError: expected [true] but found [false]
at com.testNG.PriorityDemo.search(PriorityDemo.java:21)
at java.base/java.util.ArrayList.forEach(ArrayList.java:1511)
... Removed 34 stack frames]]>
    </failure>
  </testcase> <!-- search -->
  <testcase classname="com.testNG.PriorityDemo" name="addtocart" time="0.002"/>
  <testcase classname="com.testNG.PriorityDemo" name="checkout" time="0.002"/>
</testsuite> <!-- Test1 -->
