<?xml version="1.0" encoding="UTF-8"?>
<!-- Generated by org.testng.reporters.JUnitXMLReporter -->
<testsuite ignored="0" hostname="LIN24009616" failures="0" tests="3" name="Test" time="16.4" errors="0" timestamp="2023-08-24T11:19:53 IST">
  <testcase classname="com.testNG.DataProviderTest" name="testLog" time="11.093"/>
  <testcase classname="com.testNG.DataProviderTest" name="testLog" time="11.183"/>
  <testcase classname="com.testNG.DataProviderTest" name="testLog" time="16.332"/>
</testsuite> <!-- Test -->
